Arguments: 
  /home/brunogustavo/.nvm/versions/node/v12.11.0/bin/node /home/brunogustavo/.yarn/bin/yarn.js add git-commit-message-linter

PATH: 
  /home/brunogustavo/.nvm/versions/node/v12.11.0/bin:/home/brunogustavo/.yarn/bin:/home/brunogustavo/.config/yarn/global/node_modules/.bin:/usr/local/bin:/usr/bin:/bin:/usr/local/games:/usr/games:/sbin:/usr/sbin:/home/brunogustavo/Android/Sdk/tools:/home/brunogustavo/Android/Sdk/platform-tools:.composer/vendor/bin

Yarn version: 
  1.17.3

Node version: 
  12.11.0

Platform: 
  linux x64

Trace: 
  Error: https://registry.yarnpkg.com/git-commit-message-linter: Not found
      at Request.params.callback [as _callback] (/home/brunogustavo/.yarn/lib/cli.js:66830:18)
      at Request.self.callback (/home/brunogustavo/.yarn/lib/cli.js:140464:22)
      at Request.emit (events.js:210:5)
      at Request.<anonymous> (/home/brunogustavo/.yarn/lib/cli.js:141436:10)
      at Request.emit (events.js:210:5)
      at IncomingMessage.<anonymous> (/home/brunogustavo/.yarn/lib/cli.js:141358:12)
      at Object.onceWrapper (events.js:299:28)
      at IncomingMessage.emit (events.js:215:7)
      at endReadableNT (_stream_readable.js:1183:12)
      at processTicksAndRejections (internal/process/task_queues.js:80:21)

npm manifest: 
  {
    "name": "node-tdd-clean",
    "version": "1.0.0",
    "description": "",
    "main": "index.js",
    "scripts": {
      "test": "echo \"Error: no test specified\" && exit 1"
    },
    "keywords": [],
    "author": "",
    "license": "ISC"
  }

yarn manifest: 
  No manifest

Lockfile: 
  No lockfile
